2015-03-10 14:56:35 - PHP Notice:  Undefined variable: profile in D:\program\xampp\htdocs\PUBAPP1\src\opencart\admin\view\template\common\column_left.tpl on line 1
2015-03-10 14:56:48 - PHP Notice:  Undefined variable: menu in D:\program\xampp\htdocs\PUBAPP1\src\opencart\admin\view\template\common\column_left.tpl on line 1
2015-03-10 14:58:04 - PHP Notice:  Undefined variable: menu in D:\program\xampp\htdocs\PUBAPP1\src\opencart\admin\view\template\common\column_left.tpl on line 1
2015-03-10 14:58:11 - PHP Notice:  Undefined variable: stats in D:\program\xampp\htdocs\PUBAPP1\src\opencart\admin\view\template\common\column_left.tpl on line 1
2015-03-10 15:00:37 - PHP Notice:  Undefined variable: product in D:\program\xampp\htdocs\PUBAPP1\src\opencart\admin\view\template\common\menu.tpl on line 6
2015-03-10 15:00:37 - PHP Notice:  Undefined variable: text_product in D:\program\xampp\htdocs\PUBAPP1\src\opencart\admin\view\template\common\menu.tpl on line 6
2015-03-10 15:00:37 - PHP Notice:  Undefined variable: text_product in D:\program\xampp\htdocs\PUBAPP1\src\opencart\admin\view\template\common\menu.tpl on line 176
2015-03-10 15:00:45 - PHP Notice:  Undefined variable: product in D:\program\xampp\htdocs\PUBAPP1\src\opencart\admin\view\template\common\menu.tpl on line 6
2015-03-10 15:00:45 - PHP Notice:  Undefined variable: text_product in D:\program\xampp\htdocs\PUBAPP1\src\opencart\admin\view\template\common\menu.tpl on line 6
2015-03-10 15:00:45 - PHP Notice:  Undefined variable: text_product in D:\program\xampp\htdocs\PUBAPP1\src\opencart\admin\view\template\common\menu.tpl on line 176
2015-03-10 15:01:51 - PHP Notice:  Undefined variable: text_product in D:\program\xampp\htdocs\PUBAPP1\src\opencart\admin\view\template\common\menu.tpl on line 6
2015-03-10 15:01:51 - PHP Notice:  Undefined variable: text_product in D:\program\xampp\htdocs\PUBAPP1\src\opencart\admin\view\template\common\menu.tpl on line 176
2015-03-10 15:01:56 - PHP Notice:  Undefined variable: text_product in D:\program\xampp\htdocs\PUBAPP1\src\opencart\admin\view\template\common\menu.tpl on line 6
2015-03-10 15:01:56 - PHP Notice:  Undefined variable: text_product in D:\program\xampp\htdocs\PUBAPP1\src\opencart\admin\view\template\common\menu.tpl on line 176
2015-03-10 15:02:12 - PHP Notice:  Undefined variable: text_product in D:\program\xampp\htdocs\PUBAPP1\src\opencart\admin\view\template\common\menu.tpl on line 6
2015-03-10 15:02:12 - PHP Notice:  Undefined variable: text_product in D:\program\xampp\htdocs\PUBAPP1\src\opencart\admin\view\template\common\menu.tpl on line 176
2015-03-10 15:02:17 - PHP Notice:  Undefined variable: text_product in D:\program\xampp\htdocs\PUBAPP1\src\opencart\admin\view\template\common\menu.tpl on line 6
2015-03-10 15:02:17 - PHP Notice:  Undefined variable: text_product in D:\program\xampp\htdocs\PUBAPP1\src\opencart\admin\view\template\common\menu.tpl on line 176
2015-03-10 15:07:23 - PHP Notice:  Undefined variable: footer in D:\program\xampp\htdocs\PUBAPP1\src\opencart\admin\view\template\catalog\product_list.tpl on line 238
2015-03-10 15:07:36 - PHP Notice:  Undefined variable: header in D:\program\xampp\htdocs\PUBAPP1\src\opencart\admin\view\template\catalog\product_list.tpl on line 1
2015-03-10 15:07:47 - PHP Notice:  Undefined variable: column_left in D:\program\xampp\htdocs\PUBAPP1\src\opencart\admin\view\template\catalog\product_list.tpl on line 1
2015-03-10 15:14:22 - PHP Notice:  Undefined variable: add in D:\program\xampp\htdocs\PUBAPP1\src\opencart\admin\view\template\catalog\product_list.tpl on line 5
2015-03-10 15:14:28 - PHP Notice:  Undefined variable: add in D:\program\xampp\htdocs\PUBAPP1\src\opencart\admin\view\template\catalog\product_list.tpl on line 5
2015-03-10 15:14:32 - PHP Notice:  Undefined variable: add in D:\program\xampp\htdocs\PUBAPP1\src\opencart\admin\view\template\catalog\product_list.tpl on line 5
2015-03-10 15:14:35 - PHP Notice:  Undefined variable: add in D:\program\xampp\htdocs\PUBAPP1\src\opencart\admin\view\template\catalog\product_list.tpl on line 5
2015-03-11 1:40:16 - PHP Unknown:  Object of class Registry could not be converted to string in D:\program\xampp\htdocs\PUBAPP1\src\opencart\system\engine\loader.php on line 24
2015-03-11 1:40:16 - PHP Unknown:  Object of class Registry could not be converted to string in D:\program\xampp\htdocs\PUBAPP1\src\opencart\system\engine\loader.php on line 24
2015-03-11 1:46:29 - PHP Notice:  Error: Could not load model D:\program\xampp\htdocs\PUBAPP1\src\opencart/catalog/model/catalog/upload_draf_books.php! in D:\program\xampp\htdocs\PUBAPP1\src\opencart\system\engine\loader.php on line 24
2015-03-11 1:51:03 - PHP Notice:  Undefined variable: column_left in D:\program\xampp\htdocs\PUBAPP1\src\opencart\admin\view\template\catalog\product_list.tpl on line 1
2015-03-11 1:51:52 - PHP Notice:  Undefined variable: column_left in D:\program\xampp\htdocs\PUBAPP1\src\opencart\admin\view\template\catalog\product_list.tpl on line 2
2015-03-11 14:20:18 - PHP Notice:  Error: Could not load model D:\program\xampp\htdocs\PUBAPP1\src\opencart/catalog/model/catalog/model_catalog_upload_draf_book.php! in D:\program\xampp\htdocs\PUBAPP1\src\opencart\system\engine\loader.php on line 24
2015-03-11 14:21:26 - PHP Notice:  Error: Could not load template D:\program\xampp\htdocs\PUBAPP1\src\opencart/catalog/view/theme/catalog/product_list.tpl! in D:\program\xampp\htdocs\PUBAPP1\src\opencart\system\engine\loader.php on line 45
2015-03-11 14:23:29 - PHP Notice:  Error: Could not load template D:\program\xampp\htdocs\PUBAPP1\src\opencart/catalog/view/theme/module/product_list.tpl! in D:\program\xampp\htdocs\PUBAPP1\src\opencart\system\engine\loader.php on line 45
2015-03-11 14:23:34 - PHP Notice:  Error: Could not load template D:\program\xampp\htdocs\PUBAPP1\src\opencart/catalog/view/theme/module/product_list.tpl! in D:\program\xampp\htdocs\PUBAPP1\src\opencart\system\engine\loader.php on line 45
2015-03-11 14:24:29 - PHP Notice:  Error: Could not load template D:\program\xampp\htdocs\PUBAPP1\src\opencart/catalog/view/theme/default/module/product_list.tpl! in D:\program\xampp\htdocs\PUBAPP1\src\opencart\system\engine\loader.php on line 45
2015-03-11 14:25:11 - PHP Notice:  Error: Could not load template D:\program\xampp\htdocs\PUBAPP1\src\opencart/catalog/view/theme/default/template/module/product_list.tpl! in D:\program\xampp\htdocs\PUBAPP1\src\opencart\system\engine\loader.php on line 45
2015-03-11 14:36:07 - PHP Notice:  Undefined index: token in D:\program\xampp\htdocs\PUBAPP1\src\opencart\catalog\controller\module\upload_draf_book.php on line 314
2015-03-11 14:36:07 - PHP Notice:  Undefined index: token in D:\program\xampp\htdocs\PUBAPP1\src\opencart\catalog\controller\module\upload_draf_book.php on line 319
2015-03-11 14:36:07 - PHP Notice:  Undefined index: token in D:\program\xampp\htdocs\PUBAPP1\src\opencart\catalog\controller\module\upload_draf_book.php on line 322
2015-03-11 14:36:07 - PHP Notice:  Undefined index: token in D:\program\xampp\htdocs\PUBAPP1\src\opencart\catalog\controller\module\upload_draf_book.php on line 323
2015-03-11 14:36:07 - PHP Notice:  Undefined index: token in D:\program\xampp\htdocs\PUBAPP1\src\opencart\catalog\controller\module\upload_draf_book.php on line 324
2015-03-11 14:36:07 - PHP Notice:  Undefined index: token in D:\program\xampp\htdocs\PUBAPP1\src\opencart\catalog\controller\module\upload_draf_book.php on line 372
2015-03-11 14:36:07 - PHP Notice:  Undefined index: token in D:\program\xampp\htdocs\PUBAPP1\src\opencart\catalog\controller\module\upload_draf_book.php on line 372
2015-03-11 14:36:07 - PHP Notice:  Undefined index: token in D:\program\xampp\htdocs\PUBAPP1\src\opencart\catalog\controller\module\upload_draf_book.php on line 372
2015-03-11 14:36:07 - PHP Notice:  Undefined index: token in D:\program\xampp\htdocs\PUBAPP1\src\opencart\catalog\controller\module\upload_draf_book.php on line 372
2015-03-11 14:36:07 - PHP Notice:  Undefined index: token in D:\program\xampp\htdocs\PUBAPP1\src\opencart\catalog\controller\module\upload_draf_book.php on line 372
2015-03-11 14:36:07 - PHP Notice:  Undefined index: token in D:\program\xampp\htdocs\PUBAPP1\src\opencart\catalog\controller\module\upload_draf_book.php on line 372
2015-03-11 14:36:08 - PHP Notice:  Undefined index: token in D:\program\xampp\htdocs\PUBAPP1\src\opencart\catalog\controller\module\upload_draf_book.php on line 372
2015-03-11 14:36:08 - PHP Notice:  Undefined index: token in D:\program\xampp\htdocs\PUBAPP1\src\opencart\catalog\controller\module\upload_draf_book.php on line 372
2015-03-11 14:36:08 - PHP Notice:  Undefined index: token in D:\program\xampp\htdocs\PUBAPP1\src\opencart\catalog\controller\module\upload_draf_book.php on line 372
2015-03-11 14:36:08 - PHP Notice:  Undefined index: token in D:\program\xampp\htdocs\PUBAPP1\src\opencart\catalog\controller\module\upload_draf_book.php on line 372
2015-03-11 14:36:08 - PHP Notice:  Undefined index: token in D:\program\xampp\htdocs\PUBAPP1\src\opencart\catalog\controller\module\upload_draf_book.php on line 372
2015-03-11 14:36:08 - PHP Notice:  Undefined index: token in D:\program\xampp\htdocs\PUBAPP1\src\opencart\catalog\controller\module\upload_draf_book.php on line 372
2015-03-11 14:36:08 - PHP Notice:  Undefined index: token in D:\program\xampp\htdocs\PUBAPP1\src\opencart\catalog\controller\module\upload_draf_book.php on line 372
2015-03-11 14:36:08 - PHP Notice:  Undefined index: token in D:\program\xampp\htdocs\PUBAPP1\src\opencart\catalog\controller\module\upload_draf_book.php on line 372
2015-03-11 14:36:08 - PHP Notice:  Undefined index: token in D:\program\xampp\htdocs\PUBAPP1\src\opencart\catalog\controller\module\upload_draf_book.php on line 372
2015-03-11 14:36:08 - PHP Notice:  Undefined index: token in D:\program\xampp\htdocs\PUBAPP1\src\opencart\catalog\controller\module\upload_draf_book.php on line 372
2015-03-11 14:36:08 - PHP Notice:  Undefined index: token in D:\program\xampp\htdocs\PUBAPP1\src\opencart\catalog\controller\module\upload_draf_book.php on line 372
2015-03-11 14:36:08 - PHP Notice:  Undefined index: token in D:\program\xampp\htdocs\PUBAPP1\src\opencart\catalog\controller\module\upload_draf_book.php on line 372
2015-03-11 14:36:08 - PHP Notice:  Undefined index: token in D:\program\xampp\htdocs\PUBAPP1\src\opencart\catalog\controller\module\upload_draf_book.php on line 372
2015-03-11 14:36:08 - PHP Notice:  Undefined index: token in D:\program\xampp\htdocs\PUBAPP1\src\opencart\catalog\controller\module\upload_draf_book.php on line 372
2015-03-11 14:36:08 - PHP Notice:  Undefined index: token in D:\program\xampp\htdocs\PUBAPP1\src\opencart\catalog\controller\module\upload_draf_book.php on line 404
2015-03-11 14:36:08 - PHP Notice:  Undefined index: token in D:\program\xampp\htdocs\PUBAPP1\src\opencart\catalog\controller\module\upload_draf_book.php on line 458
2015-03-11 14:36:08 - PHP Notice:  Undefined index: token in D:\program\xampp\htdocs\PUBAPP1\src\opencart\catalog\controller\module\upload_draf_book.php on line 459
2015-03-11 14:36:08 - PHP Notice:  Undefined index: token in D:\program\xampp\htdocs\PUBAPP1\src\opencart\catalog\controller\module\upload_draf_book.php on line 460
2015-03-11 14:36:08 - PHP Notice:  Undefined index: token in D:\program\xampp\htdocs\PUBAPP1\src\opencart\catalog\controller\module\upload_draf_book.php on line 461
2015-03-11 14:36:08 - PHP Notice:  Undefined index: token in D:\program\xampp\htdocs\PUBAPP1\src\opencart\catalog\controller\module\upload_draf_book.php on line 462
2015-03-11 14:36:08 - PHP Notice:  Undefined index: token in D:\program\xampp\htdocs\PUBAPP1\src\opencart\catalog\controller\module\upload_draf_book.php on line 463
2015-03-11 14:36:08 - PHP Notice:  Undefined index: token in D:\program\xampp\htdocs\PUBAPP1\src\opencart\catalog\controller\module\upload_draf_book.php on line 499
2015-03-11 14:36:20 - PHP Notice:  Undefined index: token in D:\program\xampp\htdocs\PUBAPP1\src\opencart\catalog\controller\module\upload_draf_book.php on line 314
2015-03-11 14:36:20 - PHP Notice:  Undefined index: token in D:\program\xampp\htdocs\PUBAPP1\src\opencart\catalog\controller\module\upload_draf_book.php on line 319
2015-03-11 14:36:20 - PHP Notice:  Undefined index: token in D:\program\xampp\htdocs\PUBAPP1\src\opencart\catalog\controller\module\upload_draf_book.php on line 322
2015-03-11 14:36:20 - PHP Notice:  Undefined index: token in D:\program\xampp\htdocs\PUBAPP1\src\opencart\catalog\controller\module\upload_draf_book.php on line 323
2015-03-11 14:36:20 - PHP Notice:  Undefined index: token in D:\program\xampp\htdocs\PUBAPP1\src\opencart\catalog\controller\module\upload_draf_book.php on line 324
2015-03-11 14:36:20 - PHP Notice:  Undefined index: token in D:\program\xampp\htdocs\PUBAPP1\src\opencart\catalog\controller\module\upload_draf_book.php on line 372
2015-03-11 14:36:20 - PHP Notice:  Undefined index: token in D:\program\xampp\htdocs\PUBAPP1\src\opencart\catalog\controller\module\upload_draf_book.php on line 372
2015-03-11 14:36:20 - PHP Notice:  Undefined index: token in D:\program\xampp\htdocs\PUBAPP1\src\opencart\catalog\controller\module\upload_draf_book.php on line 372
2015-03-11 14:36:20 - PHP Notice:  Undefined index: token in D:\program\xampp\htdocs\PUBAPP1\src\opencart\catalog\controller\module\upload_draf_book.php on line 372
2015-03-11 14:36:20 - PHP Notice:  Undefined index: token in D:\program\xampp\htdocs\PUBAPP1\src\opencart\catalog\controller\module\upload_draf_book.php on line 372
2015-03-11 14:36:20 - PHP Notice:  Undefined index: token in D:\program\xampp\htdocs\PUBAPP1\src\opencart\catalog\controller\module\upload_draf_book.php on line 372
2015-03-11 14:36:20 - PHP Notice:  Undefined index: token in D:\program\xampp\htdocs\PUBAPP1\src\opencart\catalog\controller\module\upload_draf_book.php on line 372
2015-03-11 14:36:20 - PHP Notice:  Undefined index: token in D:\program\xampp\htdocs\PUBAPP1\src\opencart\catalog\controller\module\upload_draf_book.php on line 372
2015-03-11 14:36:20 - PHP Notice:  Undefined index: token in D:\program\xampp\htdocs\PUBAPP1\src\opencart\catalog\controller\module\upload_draf_book.php on line 372
2015-03-11 14:36:20 - PHP Notice:  Undefined index: token in D:\program\xampp\htdocs\PUBAPP1\src\opencart\catalog\controller\module\upload_draf_book.php on line 372
2015-03-11 14:36:20 - PHP Notice:  Undefined index: token in D:\program\xampp\htdocs\PUBAPP1\src\opencart\catalog\controller\module\upload_draf_book.php on line 372
2015-03-11 14:36:20 - PHP Notice:  Undefined index: token in D:\program\xampp\htdocs\PUBAPP1\src\opencart\catalog\controller\module\upload_draf_book.php on line 372
2015-03-11 14:36:20 - PHP Notice:  Undefined index: token in D:\program\xampp\htdocs\PUBAPP1\src\opencart\catalog\controller\module\upload_draf_book.php on line 372
2015-03-11 14:36:20 - PHP Notice:  Undefined index: token in D:\program\xampp\htdocs\PUBAPP1\src\opencart\catalog\controller\module\upload_draf_book.php on line 372
2015-03-11 14:36:20 - PHP Notice:  Undefined index: token in D:\program\xampp\htdocs\PUBAPP1\src\opencart\catalog\controller\module\upload_draf_book.php on line 372
2015-03-11 14:36:20 - PHP Notice:  Undefined index: token in D:\program\xampp\htdocs\PUBAPP1\src\opencart\catalog\controller\module\upload_draf_book.php on line 372
2015-03-11 14:36:20 - PHP Notice:  Undefined index: token in D:\program\xampp\htdocs\PUBAPP1\src\opencart\catalog\controller\module\upload_draf_book.php on line 372
2015-03-11 14:36:20 - PHP Notice:  Undefined index: token in D:\program\xampp\htdocs\PUBAPP1\src\opencart\catalog\controller\module\upload_draf_book.php on line 372
2015-03-11 14:36:20 - PHP Notice:  Undefined index: token in D:\program\xampp\htdocs\PUBAPP1\src\opencart\catalog\controller\module\upload_draf_book.php on line 372
2015-03-11 14:36:20 - PHP Notice:  Undefined index: token in D:\program\xampp\htdocs\PUBAPP1\src\opencart\catalog\controller\module\upload_draf_book.php on line 372
2015-03-11 14:36:20 - PHP Notice:  Undefined index: token in D:\program\xampp\htdocs\PUBAPP1\src\opencart\catalog\controller\module\upload_draf_book.php on line 404
2015-03-11 14:36:20 - PHP Notice:  Undefined index: token in D:\program\xampp\htdocs\PUBAPP1\src\opencart\catalog\controller\module\upload_draf_book.php on line 458
2015-03-11 14:36:20 - PHP Notice:  Undefined index: token in D:\program\xampp\htdocs\PUBAPP1\src\opencart\catalog\controller\module\upload_draf_book.php on line 459
2015-03-11 14:36:20 - PHP Notice:  Undefined index: token in D:\program\xampp\htdocs\PUBAPP1\src\opencart\catalog\controller\module\upload_draf_book.php on line 460
2015-03-11 14:36:20 - PHP Notice:  Undefined index: token in D:\program\xampp\htdocs\PUBAPP1\src\opencart\catalog\controller\module\upload_draf_book.php on line 461
2015-03-11 14:36:20 - PHP Notice:  Undefined index: token in D:\program\xampp\htdocs\PUBAPP1\src\opencart\catalog\controller\module\upload_draf_book.php on line 462
2015-03-11 14:36:20 - PHP Notice:  Undefined index: token in D:\program\xampp\htdocs\PUBAPP1\src\opencart\catalog\controller\module\upload_draf_book.php on line 463
2015-03-11 14:36:20 - PHP Notice:  Undefined index: token in D:\program\xampp\htdocs\PUBAPP1\src\opencart\catalog\controller\module\upload_draf_book.php on line 499
2015-03-11 14:36:24 - PHP Notice:  Undefined index: token in D:\program\xampp\htdocs\PUBAPP1\src\opencart\catalog\controller\module\upload_draf_book.php on line 314
2015-03-11 14:36:24 - PHP Notice:  Undefined index: token in D:\program\xampp\htdocs\PUBAPP1\src\opencart\catalog\controller\module\upload_draf_book.php on line 319
2015-03-11 14:36:24 - PHP Notice:  Undefined index: token in D:\program\xampp\htdocs\PUBAPP1\src\opencart\catalog\controller\module\upload_draf_book.php on line 322
2015-03-11 14:36:24 - PHP Notice:  Undefined index: token in D:\program\xampp\htdocs\PUBAPP1\src\opencart\catalog\controller\module\upload_draf_book.php on line 323
2015-03-11 14:36:24 - PHP Notice:  Undefined index: token in D:\program\xampp\htdocs\PUBAPP1\src\opencart\catalog\controller\module\upload_draf_book.php on line 324
2015-03-11 14:36:24 - PHP Notice:  Undefined index: token in D:\program\xampp\htdocs\PUBAPP1\src\opencart\catalog\controller\module\upload_draf_book.php on line 372
2015-03-11 14:36:24 - PHP Notice:  Undefined index: token in D:\program\xampp\htdocs\PUBAPP1\src\opencart\catalog\controller\module\upload_draf_book.php on line 372
2015-03-11 14:36:24 - PHP Notice:  Undefined index: token in D:\program\xampp\htdocs\PUBAPP1\src\opencart\catalog\controller\module\upload_draf_book.php on line 372
2015-03-11 14:36:24 - PHP Notice:  Undefined index: token in D:\program\xampp\htdocs\PUBAPP1\src\opencart\catalog\controller\module\upload_draf_book.php on line 372
2015-03-11 14:36:24 - PHP Notice:  Undefined index: token in D:\program\xampp\htdocs\PUBAPP1\src\opencart\catalog\controller\module\upload_draf_book.php on line 372
2015-03-11 14:36:24 - PHP Notice:  Undefined index: token in D:\program\xampp\htdocs\PUBAPP1\src\opencart\catalog\controller\module\upload_draf_book.php on line 372
2015-03-11 14:36:24 - PHP Notice:  Undefined index: token in D:\program\xampp\htdocs\PUBAPP1\src\opencart\catalog\controller\module\upload_draf_book.php on line 372
2015-03-11 14:36:24 - PHP Notice:  Undefined index: token in D:\program\xampp\htdocs\PUBAPP1\src\opencart\catalog\controller\module\upload_draf_book.php on line 372
2015-03-11 14:36:24 - PHP Notice:  Undefined index: token in D:\program\xampp\htdocs\PUBAPP1\src\opencart\catalog\controller\module\upload_draf_book.php on line 372
2015-03-11 14:36:24 - PHP Notice:  Undefined index: token in D:\program\xampp\htdocs\PUBAPP1\src\opencart\catalog\controller\module\upload_draf_book.php on line 372
2015-03-11 14:36:24 - PHP Notice:  Undefined index: token in D:\program\xampp\htdocs\PUBAPP1\src\opencart\catalog\controller\module\upload_draf_book.php on line 372
2015-03-11 14:36:24 - PHP Notice:  Undefined index: token in D:\program\xampp\htdocs\PUBAPP1\src\opencart\catalog\controller\module\upload_draf_book.php on line 372
2015-03-11 14:36:24 - PHP Notice:  Undefined index: token in D:\program\xampp\htdocs\PUBAPP1\src\opencart\catalog\controller\module\upload_draf_book.php on line 372
2015-03-11 14:36:24 - PHP Notice:  Undefined index: token in D:\program\xampp\htdocs\PUBAPP1\src\opencart\catalog\controller\module\upload_draf_book.php on line 372
2015-03-11 14:36:24 - PHP Notice:  Undefined index: token in D:\program\xampp\htdocs\PUBAPP1\src\opencart\catalog\controller\module\upload_draf_book.php on line 372
2015-03-11 14:36:24 - PHP Notice:  Undefined index: token in D:\program\xampp\htdocs\PUBAPP1\src\opencart\catalog\controller\module\upload_draf_book.php on line 372
2015-03-11 14:36:24 - PHP Notice:  Undefined index: token in D:\program\xampp\htdocs\PUBAPP1\src\opencart\catalog\controller\module\upload_draf_book.php on line 372
2015-03-11 14:36:24 - PHP Notice:  Undefined index: token in D:\program\xampp\htdocs\PUBAPP1\src\opencart\catalog\controller\module\upload_draf_book.php on line 372
2015-03-11 14:36:24 - PHP Notice:  Undefined index: token in D:\program\xampp\htdocs\PUBAPP1\src\opencart\catalog\controller\module\upload_draf_book.php on line 372
2015-03-11 14:36:24 - PHP Notice:  Undefined index: token in D:\program\xampp\htdocs\PUBAPP1\src\opencart\catalog\controller\module\upload_draf_book.php on line 372
2015-03-11 14:36:24 - PHP Notice:  Undefined index: token in D:\program\xampp\htdocs\PUBAPP1\src\opencart\catalog\controller\module\upload_draf_book.php on line 404
2015-03-11 14:36:24 - PHP Notice:  Undefined index: token in D:\program\xampp\htdocs\PUBAPP1\src\opencart\catalog\controller\module\upload_draf_book.php on line 458
2015-03-11 14:36:24 - PHP Notice:  Undefined index: token in D:\program\xampp\htdocs\PUBAPP1\src\opencart\catalog\controller\module\upload_draf_book.php on line 459
2015-03-11 14:36:24 - PHP Notice:  Undefined index: token in D:\program\xampp\htdocs\PUBAPP1\src\opencart\catalog\controller\module\upload_draf_book.php on line 460
2015-03-11 14:36:24 - PHP Notice:  Undefined index: token in D:\program\xampp\htdocs\PUBAPP1\src\opencart\catalog\controller\module\upload_draf_book.php on line 461
2015-03-11 14:36:24 - PHP Notice:  Undefined index: token in D:\program\xampp\htdocs\PUBAPP1\src\opencart\catalog\controller\module\upload_draf_book.php on line 462
2015-03-11 14:36:24 - PHP Notice:  Undefined index: token in D:\program\xampp\htdocs\PUBAPP1\src\opencart\catalog\controller\module\upload_draf_book.php on line 463
2015-03-11 14:36:24 - PHP Notice:  Undefined index: token in D:\program\xampp\htdocs\PUBAPP1\src\opencart\catalog\controller\module\upload_draf_book.php on line 499
2015-03-11 14:36:35 - PHP Notice:  Undefined index: token in D:\program\xampp\htdocs\PUBAPP1\src\opencart\catalog\controller\module\upload_draf_book.php on line 314
2015-03-11 14:36:35 - PHP Notice:  Undefined index: token in D:\program\xampp\htdocs\PUBAPP1\src\opencart\catalog\controller\module\upload_draf_book.php on line 319
2015-03-11 14:36:35 - PHP Notice:  Undefined index: token in D:\program\xampp\htdocs\PUBAPP1\src\opencart\catalog\controller\module\upload_draf_book.php on line 322
2015-03-11 14:36:35 - PHP Notice:  Undefined index: token in D:\program\xampp\htdocs\PUBAPP1\src\opencart\catalog\controller\module\upload_draf_book.php on line 323
2015-03-11 14:36:35 - PHP Notice:  Undefined index: token in D:\program\xampp\htdocs\PUBAPP1\src\opencart\catalog\controller\module\upload_draf_book.php on line 324
2015-03-11 14:36:35 - PHP Notice:  Undefined index: token in D:\program\xampp\htdocs\PUBAPP1\src\opencart\catalog\controller\module\upload_draf_book.php on line 372
2015-03-11 14:36:35 - PHP Notice:  Undefined index: token in D:\program\xampp\htdocs\PUBAPP1\src\opencart\catalog\controller\module\upload_draf_book.php on line 372
2015-03-11 14:36:35 - PHP Notice:  Undefined index: token in D:\program\xampp\htdocs\PUBAPP1\src\opencart\catalog\controller\module\upload_draf_book.php on line 372
2015-03-11 14:36:35 - PHP Notice:  Undefined index: token in D:\program\xampp\htdocs\PUBAPP1\src\opencart\catalog\controller\module\upload_draf_book.php on line 372
2015-03-11 14:36:35 - PHP Notice:  Undefined index: token in D:\program\xampp\htdocs\PUBAPP1\src\opencart\catalog\controller\module\upload_draf_book.php on line 372
2015-03-11 14:36:35 - PHP Notice:  Undefined index: token in D:\program\xampp\htdocs\PUBAPP1\src\opencart\catalog\controller\module\upload_draf_book.php on line 372
2015-03-11 14:36:35 - PHP Notice:  Undefined index: token in D:\program\xampp\htdocs\PUBAPP1\src\opencart\catalog\controller\module\upload_draf_book.php on line 372
2015-03-11 14:36:35 - PHP Notice:  Undefined index: token in D:\program\xampp\htdocs\PUBAPP1\src\opencart\catalog\controller\module\upload_draf_book.php on line 372
2015-03-11 14:36:35 - PHP Notice:  Undefined index: token in D:\program\xampp\htdocs\PUBAPP1\src\opencart\catalog\controller\module\upload_draf_book.php on line 372
2015-03-11 14:36:35 - PHP Notice:  Undefined index: token in D:\program\xampp\htdocs\PUBAPP1\src\opencart\catalog\controller\module\upload_draf_book.php on line 372
2015-03-11 14:36:35 - PHP Notice:  Undefined index: token in D:\program\xampp\htdocs\PUBAPP1\src\opencart\catalog\controller\module\upload_draf_book.php on line 372
2015-03-11 14:36:35 - PHP Notice:  Undefined index: token in D:\program\xampp\htdocs\PUBAPP1\src\opencart\catalog\controller\module\upload_draf_book.php on line 372
2015-03-11 14:36:35 - PHP Notice:  Undefined index: token in D:\program\xampp\htdocs\PUBAPP1\src\opencart\catalog\controller\module\upload_draf_book.php on line 372
2015-03-11 14:36:35 - PHP Notice:  Undefined index: token in D:\program\xampp\htdocs\PUBAPP1\src\opencart\catalog\controller\module\upload_draf_book.php on line 372
2015-03-11 14:36:35 - PHP Notice:  Undefined index: token in D:\program\xampp\htdocs\PUBAPP1\src\opencart\catalog\controller\module\upload_draf_book.php on line 372
2015-03-11 14:36:35 - PHP Notice:  Undefined index: token in D:\program\xampp\htdocs\PUBAPP1\src\opencart\catalog\controller\module\upload_draf_book.php on line 372
2015-03-11 14:36:35 - PHP Notice:  Undefined index: token in D:\program\xampp\htdocs\PUBAPP1\src\opencart\catalog\controller\module\upload_draf_book.php on line 372
2015-03-11 14:36:35 - PHP Notice:  Undefined index: token in D:\program\xampp\htdocs\PUBAPP1\src\opencart\catalog\controller\module\upload_draf_book.php on line 372
2015-03-11 14:36:35 - PHP Notice:  Undefined index: token in D:\program\xampp\htdocs\PUBAPP1\src\opencart\catalog\controller\module\upload_draf_book.php on line 372
2015-03-11 14:36:35 - PHP Notice:  Undefined index: token in D:\program\xampp\htdocs\PUBAPP1\src\opencart\catalog\controller\module\upload_draf_book.php on line 372
2015-03-11 14:36:35 - PHP Notice:  Undefined index: token in D:\program\xampp\htdocs\PUBAPP1\src\opencart\catalog\controller\module\upload_draf_book.php on line 404
2015-03-11 14:36:35 - PHP Notice:  Undefined index: token in D:\program\xampp\htdocs\PUBAPP1\src\opencart\catalog\controller\module\upload_draf_book.php on line 458
2015-03-11 14:36:35 - PHP Notice:  Undefined index: token in D:\program\xampp\htdocs\PUBAPP1\src\opencart\catalog\controller\module\upload_draf_book.php on line 459
2015-03-11 14:36:35 - PHP Notice:  Undefined index: token in D:\program\xampp\htdocs\PUBAPP1\src\opencart\catalog\controller\module\upload_draf_book.php on line 460
2015-03-11 14:36:35 - PHP Notice:  Undefined index: token in D:\program\xampp\htdocs\PUBAPP1\src\opencart\catalog\controller\module\upload_draf_book.php on line 461
2015-03-11 14:36:35 - PHP Notice:  Undefined index: token in D:\program\xampp\htdocs\PUBAPP1\src\opencart\catalog\controller\module\upload_draf_book.php on line 462
2015-03-11 14:36:35 - PHP Notice:  Undefined index: token in D:\program\xampp\htdocs\PUBAPP1\src\opencart\catalog\controller\module\upload_draf_book.php on line 463
2015-03-11 14:36:35 - PHP Notice:  Undefined index: token in D:\program\xampp\htdocs\PUBAPP1\src\opencart\catalog\controller\module\upload_draf_book.php on line 499
2015-03-11 14:36:52 - PHP Notice:  Undefined index: token in D:\program\xampp\htdocs\PUBAPP1\src\opencart\catalog\controller\module\upload_draf_book.php on line 314
2015-03-11 14:36:52 - PHP Notice:  Undefined index: token in D:\program\xampp\htdocs\PUBAPP1\src\opencart\catalog\controller\module\upload_draf_book.php on line 319
2015-03-11 14:36:52 - PHP Notice:  Undefined index: token in D:\program\xampp\htdocs\PUBAPP1\src\opencart\catalog\controller\module\upload_draf_book.php on line 322
2015-03-11 14:36:52 - PHP Notice:  Undefined index: token in D:\program\xampp\htdocs\PUBAPP1\src\opencart\catalog\controller\module\upload_draf_book.php on line 323
2015-03-11 14:36:52 - PHP Notice:  Undefined index: token in D:\program\xampp\htdocs\PUBAPP1\src\opencart\catalog\controller\module\upload_draf_book.php on line 324
2015-03-11 14:36:52 - PHP Notice:  Undefined index: token in D:\program\xampp\htdocs\PUBAPP1\src\opencart\catalog\controller\module\upload_draf_book.php on line 372
2015-03-11 14:36:52 - PHP Notice:  Undefined index: token in D:\program\xampp\htdocs\PUBAPP1\src\opencart\catalog\controller\module\upload_draf_book.php on line 372
2015-03-11 14:36:52 - PHP Notice:  Undefined index: token in D:\program\xampp\htdocs\PUBAPP1\src\opencart\catalog\controller\module\upload_draf_book.php on line 372
2015-03-11 14:36:52 - PHP Notice:  Undefined index: token in D:\program\xampp\htdocs\PUBAPP1\src\opencart\catalog\controller\module\upload_draf_book.php on line 372
2015-03-11 14:36:52 - PHP Notice:  Undefined index: token in D:\program\xampp\htdocs\PUBAPP1\src\opencart\catalog\controller\module\upload_draf_book.php on line 372
2015-03-11 14:36:52 - PHP Notice:  Undefined index: token in D:\program\xampp\htdocs\PUBAPP1\src\opencart\catalog\controller\module\upload_draf_book.php on line 372
2015-03-11 14:36:52 - PHP Notice:  Undefined index: token in D:\program\xampp\htdocs\PUBAPP1\src\opencart\catalog\controller\module\upload_draf_book.php on line 372
2015-03-11 14:36:52 - PHP Notice:  Undefined index: token in D:\program\xampp\htdocs\PUBAPP1\src\opencart\catalog\controller\module\upload_draf_book.php on line 372
2015-03-11 14:36:52 - PHP Notice:  Undefined index: token in D:\program\xampp\htdocs\PUBAPP1\src\opencart\catalog\controller\module\upload_draf_book.php on line 372
2015-03-11 14:36:52 - PHP Notice:  Undefined index: token in D:\program\xampp\htdocs\PUBAPP1\src\opencart\catalog\controller\module\upload_draf_book.php on line 372
2015-03-11 14:36:52 - PHP Notice:  Undefined index: token in D:\program\xampp\htdocs\PUBAPP1\src\opencart\catalog\controller\module\upload_draf_book.php on line 372
2015-03-11 14:36:52 - PHP Notice:  Undefined index: token in D:\program\xampp\htdocs\PUBAPP1\src\opencart\catalog\controller\module\upload_draf_book.php on line 372
2015-03-11 14:36:52 - PHP Notice:  Undefined index: token in D:\program\xampp\htdocs\PUBAPP1\src\opencart\catalog\controller\module\upload_draf_book.php on line 372
2015-03-11 14:36:53 - PHP Notice:  Undefined index: token in D:\program\xampp\htdocs\PUBAPP1\src\opencart\catalog\controller\module\upload_draf_book.php on line 372
2015-03-11 14:36:53 - PHP Notice:  Undefined index: token in D:\program\xampp\htdocs\PUBAPP1\src\opencart\catalog\controller\module\upload_draf_book.php on line 372
2015-03-11 14:36:53 - PHP Notice:  Undefined index: token in D:\program\xampp\htdocs\PUBAPP1\src\opencart\catalog\controller\module\upload_draf_book.php on line 372
2015-03-11 14:36:53 - PHP Notice:  Undefined index: token in D:\program\xampp\htdocs\PUBAPP1\src\opencart\catalog\controller\module\upload_draf_book.php on line 372
2015-03-11 14:36:53 - PHP Notice:  Undefined index: token in D:\program\xampp\htdocs\PUBAPP1\src\opencart\catalog\controller\module\upload_draf_book.php on line 372
2015-03-11 14:36:53 - PHP Notice:  Undefined index: token in D:\program\xampp\htdocs\PUBAPP1\src\opencart\catalog\controller\module\upload_draf_book.php on line 372
2015-03-11 14:36:53 - PHP Notice:  Undefined index: token in D:\program\xampp\htdocs\PUBAPP1\src\opencart\catalog\controller\module\upload_draf_book.php on line 372
2015-03-11 14:36:53 - PHP Notice:  Undefined index: token in D:\program\xampp\htdocs\PUBAPP1\src\opencart\catalog\controller\module\upload_draf_book.php on line 404
2015-03-11 14:36:53 - PHP Notice:  Undefined index: token in D:\program\xampp\htdocs\PUBAPP1\src\opencart\catalog\controller\module\upload_draf_book.php on line 458
2015-03-11 14:36:53 - PHP Notice:  Undefined index: token in D:\program\xampp\htdocs\PUBAPP1\src\opencart\catalog\controller\module\upload_draf_book.php on line 459
2015-03-11 14:36:53 - PHP Notice:  Undefined index: token in D:\program\xampp\htdocs\PUBAPP1\src\opencart\catalog\controller\module\upload_draf_book.php on line 460
2015-03-11 14:36:53 - PHP Notice:  Undefined index: token in D:\program\xampp\htdocs\PUBAPP1\src\opencart\catalog\controller\module\upload_draf_book.php on line 461
2015-03-11 14:36:53 - PHP Notice:  Undefined index: token in D:\program\xampp\htdocs\PUBAPP1\src\opencart\catalog\controller\module\upload_draf_book.php on line 462
2015-03-11 14:36:53 - PHP Notice:  Undefined index: token in D:\program\xampp\htdocs\PUBAPP1\src\opencart\catalog\controller\module\upload_draf_book.php on line 463
2015-03-11 14:36:53 - PHP Notice:  Undefined index: token in D:\program\xampp\htdocs\PUBAPP1\src\opencart\catalog\controller\module\upload_draf_book.php on line 499
2015-03-11 14:37:17 - PHP Notice:  Undefined index: token in D:\program\xampp\htdocs\PUBAPP1\src\opencart\catalog\controller\module\upload_draf_book.php on line 314
2015-03-11 14:37:17 - PHP Notice:  Undefined index: token in D:\program\xampp\htdocs\PUBAPP1\src\opencart\catalog\controller\module\upload_draf_book.php on line 319
2015-03-11 14:37:17 - PHP Notice:  Undefined index: token in D:\program\xampp\htdocs\PUBAPP1\src\opencart\catalog\controller\module\upload_draf_book.php on line 322
2015-03-11 14:37:17 - PHP Notice:  Undefined index: token in D:\program\xampp\htdocs\PUBAPP1\src\opencart\catalog\controller\module\upload_draf_book.php on line 323
2015-03-11 14:37:17 - PHP Notice:  Undefined index: token in D:\program\xampp\htdocs\PUBAPP1\src\opencart\catalog\controller\module\upload_draf_book.php on line 324
2015-03-11 14:37:17 - PHP Notice:  Undefined index: token in D:\program\xampp\htdocs\PUBAPP1\src\opencart\catalog\controller\module\upload_draf_book.php on line 372
2015-03-11 14:37:17 - PHP Notice:  Undefined index: token in D:\program\xampp\htdocs\PUBAPP1\src\opencart\catalog\controller\module\upload_draf_book.php on line 372
2015-03-11 14:37:17 - PHP Notice:  Undefined index: token in D:\program\xampp\htdocs\PUBAPP1\src\opencart\catalog\controller\module\upload_draf_book.php on line 372
2015-03-11 14:37:17 - PHP Notice:  Undefined index: token in D:\program\xampp\htdocs\PUBAPP1\src\opencart\catalog\controller\module\upload_draf_book.php on line 372
2015-03-11 14:37:17 - PHP Notice:  Undefined index: token in D:\program\xampp\htdocs\PUBAPP1\src\opencart\catalog\controller\module\upload_draf_book.php on line 372
2015-03-11 14:37:17 - PHP Notice:  Undefined index: token in D:\program\xampp\htdocs\PUBAPP1\src\opencart\catalog\controller\module\upload_draf_book.php on line 372
2015-03-11 14:37:17 - PHP Notice:  Undefined index: token in D:\program\xampp\htdocs\PUBAPP1\src\opencart\catalog\controller\module\upload_draf_book.php on line 372
2015-03-11 14:37:17 - PHP Notice:  Undefined index: token in D:\program\xampp\htdocs\PUBAPP1\src\opencart\catalog\controller\module\upload_draf_book.php on line 372
2015-03-11 14:37:17 - PHP Notice:  Undefined index: token in D:\program\xampp\htdocs\PUBAPP1\src\opencart\catalog\controller\module\upload_draf_book.php on line 372
2015-03-11 14:37:17 - PHP Notice:  Undefined index: token in D:\program\xampp\htdocs\PUBAPP1\src\opencart\catalog\controller\module\upload_draf_book.php on line 372
2015-03-11 14:37:17 - PHP Notice:  Undefined index: token in D:\program\xampp\htdocs\PUBAPP1\src\opencart\catalog\controller\module\upload_draf_book.php on line 372
2015-03-11 14:37:17 - PHP Notice:  Undefined index: token in D:\program\xampp\htdocs\PUBAPP1\src\opencart\catalog\controller\module\upload_draf_book.php on line 372
2015-03-11 14:37:17 - PHP Notice:  Undefined index: token in D:\program\xampp\htdocs\PUBAPP1\src\opencart\catalog\controller\module\upload_draf_book.php on line 372
2015-03-11 14:37:17 - PHP Notice:  Undefined index: token in D:\program\xampp\htdocs\PUBAPP1\src\opencart\catalog\controller\module\upload_draf_book.php on line 372
2015-03-11 14:37:17 - PHP Notice:  Undefined index: token in D:\program\xampp\htdocs\PUBAPP1\src\opencart\catalog\controller\module\upload_draf_book.php on line 372
2015-03-11 14:37:17 - PHP Notice:  Undefined index: token in D:\program\xampp\htdocs\PUBAPP1\src\opencart\catalog\controller\module\upload_draf_book.php on line 372
2015-03-11 14:37:17 - PHP Notice:  Undefined index: token in D:\program\xampp\htdocs\PUBAPP1\src\opencart\catalog\controller\module\upload_draf_book.php on line 372
2015-03-11 14:37:17 - PHP Notice:  Undefined index: token in D:\program\xampp\htdocs\PUBAPP1\src\opencart\catalog\controller\module\upload_draf_book.php on line 372
2015-03-11 14:37:17 - PHP Notice:  Undefined index: token in D:\program\xampp\htdocs\PUBAPP1\src\opencart\catalog\controller\module\upload_draf_book.php on line 372
2015-03-11 14:37:17 - PHP Notice:  Undefined index: token in D:\program\xampp\htdocs\PUBAPP1\src\opencart\catalog\controller\module\upload_draf_book.php on line 372
2015-03-11 14:37:17 - PHP Notice:  Undefined index: token in D:\program\xampp\htdocs\PUBAPP1\src\opencart\catalog\controller\module\upload_draf_book.php on line 404
2015-03-11 14:37:17 - PHP Notice:  Undefined index: token in D:\program\xampp\htdocs\PUBAPP1\src\opencart\catalog\controller\module\upload_draf_book.php on line 458
2015-03-11 14:37:17 - PHP Notice:  Undefined index: token in D:\program\xampp\htdocs\PUBAPP1\src\opencart\catalog\controller\module\upload_draf_book.php on line 459
2015-03-11 14:37:17 - PHP Notice:  Undefined index: token in D:\program\xampp\htdocs\PUBAPP1\src\opencart\catalog\controller\module\upload_draf_book.php on line 460
2015-03-11 14:37:17 - PHP Notice:  Undefined index: token in D:\program\xampp\htdocs\PUBAPP1\src\opencart\catalog\controller\module\upload_draf_book.php on line 461
2015-03-11 14:37:17 - PHP Notice:  Undefined index: token in D:\program\xampp\htdocs\PUBAPP1\src\opencart\catalog\controller\module\upload_draf_book.php on line 462
2015-03-11 14:37:17 - PHP Notice:  Undefined index: token in D:\program\xampp\htdocs\PUBAPP1\src\opencart\catalog\controller\module\upload_draf_book.php on line 463
2015-03-11 14:37:17 - PHP Notice:  Undefined index: token in D:\program\xampp\htdocs\PUBAPP1\src\opencart\catalog\controller\module\upload_draf_book.php on line 499
2015-03-11 15:05:10 - PHP Notice:  Error: Could not load model D:\program\xampp\htdocs\PUBAPP1\src\opencart/catalog/model/catalog/recurring.php! in D:\program\xampp\htdocs\PUBAPP1\src\opencart\system\engine\loader.php on line 24
2015-03-11 15:06:04 - PHP Notice:  Error: Could not load model D:\program\xampp\htdocs\PUBAPP1\src\opencart/catalog/model/localisation/tax_class.php! in D:\program\xampp\htdocs\PUBAPP1\src\opencart\system\engine\loader.php on line 24
2015-03-11 15:06:44 - PHP Notice:  Error: Could not load model D:\program\xampp\htdocs\PUBAPP1\src\opencart/catalog/model/localisation/stock_status.php! in D:\program\xampp\htdocs\PUBAPP1\src\opencart\system\engine\loader.php on line 24
2015-03-11 15:07:07 - PHP Notice:  Error: Could not load model D:\program\xampp\htdocs\PUBAPP1\src\opencart/catalog/model/localisation/weight_class.php! in D:\program\xampp\htdocs\PUBAPP1\src\opencart\system\engine\loader.php on line 24
2015-03-11 15:07:17 - PHP Notice:  Error: Could not load model D:\program\xampp\htdocs\PUBAPP1\src\opencart/catalog/model/localisation/length_class.php! in D:\program\xampp\htdocs\PUBAPP1\src\opencart\system\engine\loader.php on line 24
2015-03-11 15:07:30 - PHP Notice:  Error: Could not load model D:\program\xampp\htdocs\PUBAPP1\src\opencart/catalog/model/catalog/filter.php! in D:\program\xampp\htdocs\PUBAPP1\src\opencart\system\engine\loader.php on line 24
2015-03-11 15:08:07 - PHP Notice:  Error: Could not load model D:\program\xampp\htdocs\PUBAPP1\src\opencart/catalog/model/catalog/filter.php! in D:\program\xampp\htdocs\PUBAPP1\src\opencart\system\engine\loader.php on line 24
2015-03-11 15:08:57 - PHP Notice:  Error: Could not load model D:\program\xampp\htdocs\PUBAPP1\src\opencart/catalog/model/catalog/attribute.php! in D:\program\xampp\htdocs\PUBAPP1\src\opencart\system\engine\loader.php on line 24
2015-03-11 15:09:34 - PHP Notice:  Error: Could not load model D:\program\xampp\htdocs\PUBAPP1\src\opencart/catalog/model/module/option.php! in D:\program\xampp\htdocs\PUBAPP1\src\opencart\system\engine\loader.php on line 24
2015-03-11 15:10:54 - PHP Notice:  Error: Could not load model D:\program\xampp\htdocs\PUBAPP1\src\opencart/catalog/model/sale/customer_group.php! in D:\program\xampp\htdocs\PUBAPP1\src\opencart\system\engine\loader.php on line 24
2015-03-11 15:11:36 - PHP Notice:  Error: Could not load model D:\program\xampp\htdocs\PUBAPP1\src\opencart/catalog/model/catalog/download.php! in D:\program\xampp\htdocs\PUBAPP1\src\opencart\system\engine\loader.php on line 24
2015-03-12 18:12:35 - PHP Notice:  Undefined variable: contact in D:\program\xampp\htdocs\PUBAPP1\src\opencart\catalog\view\theme\default\template\common\footer.tpl on line 22
2015-03-12 18:12:42 - PHP Notice:  Undefined variable: contact in D:\program\xampp\htdocs\PUBAPP1\src\opencart\catalog\view\theme\default\template\common\footer.tpl on line 22
2015-03-12 18:12:42 - PHP Notice:  Undefined variable: contact in D:\program\xampp\htdocs\PUBAPP1\src\opencart\catalog\view\theme\default\template\common\footer.tpl on line 22
2015-03-12 18:12:43 - PHP Notice:  Undefined variable: contact in D:\program\xampp\htdocs\PUBAPP1\src\opencart\catalog\view\theme\default\template\common\footer.tpl on line 22
2015-03-12 18:12:54 - PHP Notice:  Undefined variable: contact in D:\program\xampp\htdocs\PUBAPP1\src\opencart\catalog\view\theme\default\template\common\footer.tpl on line 22
2015-03-12 18:13:03 - PHP Notice:  Undefined variable: contact in D:\program\xampp\htdocs\PUBAPP1\src\opencart\catalog\view\theme\default\template\common\footer.tpl on line 22
2015-03-12 18:13:04 - PHP Notice:  Undefined variable: contact in D:\program\xampp\htdocs\PUBAPP1\src\opencart\catalog\view\theme\default\template\common\footer.tpl on line 22
2015-03-12 18:13:39 - PHP Notice:  Undefined variable: contact in D:\program\xampp\htdocs\PUBAPP1\src\opencart\catalog\view\theme\default\template\common\footer.tpl on line 22
2015-03-12 18:13:47 - PHP Notice:  Undefined variable: contact in D:\program\xampp\htdocs\PUBAPP1\src\opencart\catalog\view\theme\default\template\common\footer.tpl on line 22
2015-03-12 18:13:47 - PHP Notice:  Undefined variable: contact in D:\program\xampp\htdocs\PUBAPP1\src\opencart\catalog\view\theme\default\template\common\footer.tpl on line 22
2015-03-12 18:13:51 - PHP Notice:  Undefined variable: contact in D:\program\xampp\htdocs\PUBAPP1\src\opencart\catalog\view\theme\default\template\common\footer.tpl on line 22
2015-03-12 18:13:57 - PHP Notice:  Undefined variable: contact in D:\program\xampp\htdocs\PUBAPP1\src\opencart\catalog\view\theme\default\template\common\footer.tpl on line 22
2015-03-12 18:13:58 - PHP Notice:  Undefined variable: contact in D:\program\xampp\htdocs\PUBAPP1\src\opencart\catalog\view\theme\default\template\common\footer.tpl on line 22
2015-03-12 18:15:24 - PHP Notice:  Undefined variable: contact in D:\program\xampp\htdocs\PUBAPP1\src\opencart\catalog\view\theme\default\template\common\footer.tpl on line 22
2015-03-12 18:15:24 - PHP Notice:  Undefined variable: contact in D:\program\xampp\htdocs\PUBAPP1\src\opencart\catalog\view\theme\default\template\common\footer.tpl on line 22
2015-03-12 18:15:29 - PHP Notice:  Undefined variable: contact in D:\program\xampp\htdocs\PUBAPP1\src\opencart\catalog\view\theme\default\template\common\footer.tpl on line 22
2015-03-12 18:15:39 - PHP Notice:  Undefined variable: contact in D:\program\xampp\htdocs\PUBAPP1\src\opencart\catalog\view\theme\default\template\common\footer.tpl on line 22
2015-03-12 18:17:42 - PHP Notice:  Undefined variable: contact in D:\program\xampp\htdocs\PUBAPP1\src\opencart\catalog\view\theme\default\template\common\footer.tpl on line 22
2015-03-12 18:17:47 - PHP Notice:  Undefined variable: contact in D:\program\xampp\htdocs\PUBAPP1\src\opencart\catalog\view\theme\default\template\common\footer.tpl on line 22
2015-03-12 18:17:49 - PHP Notice:  Undefined variable: contact in D:\program\xampp\htdocs\PUBAPP1\src\opencart\catalog\view\theme\default\template\common\footer.tpl on line 22
2015-03-12 18:17:52 - PHP Notice:  Undefined variable: contact in D:\program\xampp\htdocs\PUBAPP1\src\opencart\catalog\view\theme\default\template\common\footer.tpl on line 22
2015-03-12 18:18:13 - PHP Notice:  Undefined variable: contact in D:\program\xampp\htdocs\PUBAPP1\src\opencart\catalog\view\theme\default\template\common\footer.tpl on line 22
2015-03-12 18:18:18 - PHP Notice:  Undefined variable: contact in D:\program\xampp\htdocs\PUBAPP1\src\opencart\catalog\view\theme\default\template\common\footer.tpl on line 22
2015-03-12 18:18:25 - PHP Notice:  Undefined variable: contact in D:\program\xampp\htdocs\PUBAPP1\src\opencart\catalog\view\theme\default\template\common\footer.tpl on line 22
2015-03-12 18:18:35 - PHP Notice:  Undefined variable: contact in D:\program\xampp\htdocs\PUBAPP1\src\opencart\catalog\view\theme\default\template\common\footer.tpl on line 22
2015-03-12 18:21:12 - PHP Notice:  Undefined variable: contact in D:\program\xampp\htdocs\PUBAPP1\src\opencart\catalog\view\theme\default\template\common\footer.tpl on line 22
2015-03-12 18:22:04 - PHP Notice:  Undefined variable: contact in D:\program\xampp\htdocs\PUBAPP1\src\opencart\catalog\view\theme\default\template\common\footer.tpl on line 22
2015-03-12 18:23:29 - PHP Notice:  Undefined variable: contact in D:\program\xampp\htdocs\PUBAPP1\src\opencart\catalog\view\theme\default\template\common\footer.tpl on line 22
2015-03-12 18:25:03 - PHP Notice:  Undefined variable: contact in D:\program\xampp\htdocs\PUBAPP1\src\opencart\catalog\view\theme\default\template\common\footer.tpl on line 22
