2015-03-05 15:40:06 - MOD: Modification Default
FILE: system/engine/action.php
REGEX: ~(require|include)(_once)?\(([^)]+)~
LINE: 58
FILE: system/engine/loader.php
REGEX: ~(require|include)(_once)?\(([^)]+)~
LINE: 20
LINE: 37
LINE: 54
LINE: 65
FILE: system/library/config.php
REGEX: ~(require|include)(_once)?\(([^)]+)~
LINE: 23
FILE: system/library/language.php
REGEX: ~(require|include)(_once)?\(([^)]+)~
LINE: 21
LINE: 27
----------------------------------------------------------------
MOD: admin-categories-category-filter
FILE: admin/view/template/catalog/category_list.tpl
CODE:  <div class="panel-body">
LINE: 30
CODE: <?php echo $footer; ?>
LINE: 158
FILE: admin/language/english/catalog/category.php
CODE: $_['heading_title']          = 'Categories';
LINE: 2
FILE: admin/controller/catalog/category.php
CODE: protected function getList() {
LINE: 130
CODE: $url .= '&page=' . $this->request->get['page'];
LINE: 37
LINE: 83
LINE: 131
LINE: 244
LINE: 344
LINE: 466
CODE: $data['categories'] = array();
LINE: 277
CODE: $data['button_add'] = $this->language->get('button_add');
LINE: 315
CODE: $data['order'] = $order;
LINE: 399
CODE: $category_total = $this->model_catalog_category->getTotalCategories();
LINE: 291
FILE: admin/model/catalog/category.php
CODE: public function getCategories($data = array()) {
LINE: 215
CODE: public function getTotalCategories() {
LINE: 324
CODE: $query = $this->db->query("SELECT COUNT(*) AS total FROM " . DB_PREFIX . "category");
LINE: 327
----------------------------------------------------------------
MOD: Colored Opencart
FILE: catalog/view/theme/Ultrashop/template/common/header.tpl
CODE: <link href="catalog/view/theme/default/stylesheet/stylesheet.css" rel="stylesheet">
NOT FOUND!
FILE: catalog/view/theme/default/template/common/header.tpl
CODE: <link href="catalog/view/theme/default/stylesheet/stylesheet.css" rel="stylesheet">
LINE: 30
FILE: catalog/controller/common/header.php
CODE: $this->load->model('catalog/category');
LINE: 90
----------------------------------------------------------------
MOD: OpenCart How - Facebook Share Improvement
FILE: catalog/view/theme/Ultrashop/template/product/product.tpl
CODE: <?php echo $header; ?>
NOT FOUND!
FILE: catalog/view/theme/default/template/product/product.tpl
CODE: <?php echo $header; ?>
LINE: 0
----------------------------------------------------------------
2015-03-05 16:30:05 - MOD: Modification Default
FILE: system/engine/action.php
REGEX: ~(require|include)(_once)?\(([^)]+)~
LINE: 58
FILE: system/engine/loader.php
REGEX: ~(require|include)(_once)?\(([^)]+)~
LINE: 20
LINE: 37
LINE: 54
LINE: 65
FILE: system/library/config.php
REGEX: ~(require|include)(_once)?\(([^)]+)~
LINE: 23
FILE: system/library/language.php
REGEX: ~(require|include)(_once)?\(([^)]+)~
LINE: 21
LINE: 27
----------------------------------------------------------------
MOD: admin-categories-category-filter
FILE: admin/view/template/catalog/category_list.tpl
CODE:  <div class="panel-body">
LINE: 30
CODE: <?php echo $footer; ?>
LINE: 158
FILE: admin/language/english/catalog/category.php
CODE: $_['heading_title']          = 'Categories';
LINE: 2
FILE: admin/controller/catalog/category.php
CODE: protected function getList() {
LINE: 130
CODE: $url .= '&page=' . $this->request->get['page'];
LINE: 37
LINE: 83
LINE: 131
LINE: 244
LINE: 344
LINE: 466
CODE: $data['categories'] = array();
LINE: 277
CODE: $data['button_add'] = $this->language->get('button_add');
LINE: 315
CODE: $data['order'] = $order;
LINE: 399
CODE: $category_total = $this->model_catalog_category->getTotalCategories();
LINE: 291
FILE: admin/model/catalog/category.php
CODE: public function getCategories($data = array()) {
LINE: 215
CODE: public function getTotalCategories() {
LINE: 324
CODE: $query = $this->db->query("SELECT COUNT(*) AS total FROM " . DB_PREFIX . "category");
LINE: 327
----------------------------------------------------------------
MOD: Colored Opencart
FILE: catalog/view/theme/Ultrashop/template/common/header.tpl
CODE: <link href="catalog/view/theme/default/stylesheet/stylesheet.css" rel="stylesheet">
NOT FOUND!
FILE: catalog/view/theme/default/template/common/header.tpl
CODE: <link href="catalog/view/theme/default/stylesheet/stylesheet.css" rel="stylesheet">
LINE: 30
FILE: catalog/controller/common/header.php
CODE: $this->load->model('catalog/category');
LINE: 90
----------------------------------------------------------------
MOD: home-btn-on-default-top-menu-kupi-bg-com
CODE: <ul class="nav navbar-nav">
NOT FOUND!
CODE: <ul class="nav navbar-nav">
LINE: 105
----------------------------------------------------------------
MOD: OpenCart How - Facebook Share Improvement
FILE: catalog/view/theme/Ultrashop/template/product/product.tpl
CODE: <?php echo $header; ?>
NOT FOUND!
FILE: catalog/view/theme/default/template/product/product.tpl
CODE: <?php echo $header; ?>
LINE: 0
----------------------------------------------------------------
2015-03-05 16:45:46 - MOD: Modification Default
FILE: system/engine/action.php
REGEX: ~(require|include)(_once)?\(([^)]+)~
LINE: 58
FILE: system/engine/loader.php
REGEX: ~(require|include)(_once)?\(([^)]+)~
LINE: 20
LINE: 37
LINE: 54
LINE: 65
FILE: system/library/config.php
REGEX: ~(require|include)(_once)?\(([^)]+)~
LINE: 23
FILE: system/library/language.php
REGEX: ~(require|include)(_once)?\(([^)]+)~
LINE: 21
LINE: 27
----------------------------------------------------------------
MOD: admin-categories-category-filter
FILE: admin/view/template/catalog/category_list.tpl
CODE:  <div class="panel-body">
LINE: 30
CODE: <?php echo $footer; ?>
LINE: 158
FILE: admin/language/english/catalog/category.php
CODE: $_['heading_title']          = 'Categories';
LINE: 2
FILE: admin/controller/catalog/category.php
CODE: protected function getList() {
LINE: 130
CODE: $url .= '&page=' . $this->request->get['page'];
LINE: 37
LINE: 83
LINE: 131
LINE: 244
LINE: 344
LINE: 466
CODE: $data['categories'] = array();
LINE: 277
CODE: $data['button_add'] = $this->language->get('button_add');
LINE: 315
CODE: $data['order'] = $order;
LINE: 399
CODE: $category_total = $this->model_catalog_category->getTotalCategories();
LINE: 291
FILE: admin/model/catalog/category.php
CODE: public function getCategories($data = array()) {
LINE: 215
CODE: public function getTotalCategories() {
LINE: 324
CODE: $query = $this->db->query("SELECT COUNT(*) AS total FROM " . DB_PREFIX . "category");
LINE: 327
----------------------------------------------------------------
MOD: Colored Opencart
FILE: catalog/view/theme/Ultrashop/template/common/header.tpl
CODE: <link href="catalog/view/theme/default/stylesheet/stylesheet.css" rel="stylesheet">
NOT FOUND!
FILE: catalog/view/theme/default/template/common/header.tpl
CODE: <link href="catalog/view/theme/default/stylesheet/stylesheet.css" rel="stylesheet">
LINE: 31
FILE: catalog/controller/common/header.php
CODE: $this->load->model('catalog/category');
LINE: 90
----------------------------------------------------------------
MOD: home-btn-on-default-top-menu-kupi-bg-com
CODE: <ul class="nav navbar-nav">
NOT FOUND!
CODE: <ul class="nav navbar-nav">
LINE: 106
----------------------------------------------------------------
MOD: OpenCart How - Facebook Share Improvement
FILE: catalog/view/theme/Ultrashop/template/product/product.tpl
CODE: <?php echo $header; ?>
NOT FOUND!
FILE: catalog/view/theme/default/template/product/product.tpl
CODE: <?php echo $header; ?>
LINE: 0
----------------------------------------------------------------
2015-03-05 16:50:00 - MOD: Modification Default
FILE: system/engine/action.php
REGEX: ~(require|include)(_once)?\(([^)]+)~
LINE: 58
FILE: system/engine/loader.php
REGEX: ~(require|include)(_once)?\(([^)]+)~
LINE: 20
LINE: 37
LINE: 54
LINE: 65
FILE: system/library/config.php
REGEX: ~(require|include)(_once)?\(([^)]+)~
LINE: 23
FILE: system/library/language.php
REGEX: ~(require|include)(_once)?\(([^)]+)~
LINE: 21
LINE: 27
----------------------------------------------------------------
MOD: admin-categories-category-filter
FILE: admin/view/template/catalog/category_list.tpl
CODE:  <div class="panel-body">
LINE: 30
CODE: <?php echo $footer; ?>
LINE: 158
FILE: admin/language/english/catalog/category.php
CODE: $_['heading_title']          = 'Categories';
LINE: 2
FILE: admin/controller/catalog/category.php
CODE: protected function getList() {
LINE: 130
CODE: $url .= '&page=' . $this->request->get['page'];
LINE: 37
LINE: 83
LINE: 131
LINE: 244
LINE: 344
LINE: 466
CODE: $data['categories'] = array();
LINE: 277
CODE: $data['button_add'] = $this->language->get('button_add');
LINE: 315
CODE: $data['order'] = $order;
LINE: 399
CODE: $category_total = $this->model_catalog_category->getTotalCategories();
LINE: 291
FILE: admin/model/catalog/category.php
CODE: public function getCategories($data = array()) {
LINE: 215
CODE: public function getTotalCategories() {
LINE: 324
CODE: $query = $this->db->query("SELECT COUNT(*) AS total FROM " . DB_PREFIX . "category");
LINE: 327
----------------------------------------------------------------
MOD: Colored Opencart
FILE: catalog/view/theme/Ultrashop/template/common/header.tpl
CODE: <link href="catalog/view/theme/default/stylesheet/stylesheet.css" rel="stylesheet">
NOT FOUND!
FILE: catalog/view/theme/default/template/common/header.tpl
CODE: <link href="catalog/view/theme/default/stylesheet/stylesheet.css" rel="stylesheet">
LINE: 30
FILE: catalog/controller/common/header.php
CODE: $this->load->model('catalog/category');
LINE: 90
----------------------------------------------------------------
MOD: home-btn-on-default-top-menu-kupi-bg-com
CODE: <ul class="nav navbar-nav">
NOT FOUND!
CODE: <ul class="nav navbar-nav">
LINE: 105
----------------------------------------------------------------
MOD: OpenCart How - Facebook Share Improvement
FILE: catalog/view/theme/Ultrashop/template/product/product.tpl
CODE: <?php echo $header; ?>
NOT FOUND!
FILE: catalog/view/theme/default/template/product/product.tpl
CODE: <?php echo $header; ?>
LINE: 0
----------------------------------------------------------------
2015-03-05 16:50:51 - MOD: Modification Default
FILE: system/engine/action.php
REGEX: ~(require|include)(_once)?\(([^)]+)~
LINE: 58
FILE: system/engine/loader.php
REGEX: ~(require|include)(_once)?\(([^)]+)~
LINE: 20
LINE: 37
LINE: 54
LINE: 65
FILE: system/library/config.php
REGEX: ~(require|include)(_once)?\(([^)]+)~
LINE: 23
FILE: system/library/language.php
REGEX: ~(require|include)(_once)?\(([^)]+)~
LINE: 21
LINE: 27
----------------------------------------------------------------
MOD: admin-categories-category-filter
FILE: admin/view/template/catalog/category_list.tpl
CODE:  <div class="panel-body">
LINE: 30
CODE: <?php echo $footer; ?>
LINE: 158
FILE: admin/language/english/catalog/category.php
CODE: $_['heading_title']          = 'Categories';
LINE: 2
FILE: admin/controller/catalog/category.php
CODE: protected function getList() {
LINE: 130
CODE: $url .= '&page=' . $this->request->get['page'];
LINE: 37
LINE: 83
LINE: 131
LINE: 244
LINE: 344
LINE: 466
CODE: $data['categories'] = array();
LINE: 277
CODE: $data['button_add'] = $this->language->get('button_add');
LINE: 315
CODE: $data['order'] = $order;
LINE: 399
CODE: $category_total = $this->model_catalog_category->getTotalCategories();
LINE: 291
FILE: admin/model/catalog/category.php
CODE: public function getCategories($data = array()) {
LINE: 215
CODE: public function getTotalCategories() {
LINE: 324
CODE: $query = $this->db->query("SELECT COUNT(*) AS total FROM " . DB_PREFIX . "category");
LINE: 327
----------------------------------------------------------------
MOD: Colored Opencart
FILE: catalog/view/theme/Ultrashop/template/common/header.tpl
CODE: <link href="catalog/view/theme/default/stylesheet/stylesheet.css" rel="stylesheet">
NOT FOUND!
FILE: catalog/view/theme/default/template/common/header.tpl
CODE: <link href="catalog/view/theme/default/stylesheet/stylesheet.css" rel="stylesheet">
LINE: 30
FILE: catalog/controller/common/header.php
CODE: $this->load->model('catalog/category');
LINE: 90
----------------------------------------------------------------
MOD: home-btn-on-default-top-menu-kupi-bg-com
CODE: <ul class="nav navbar-nav">
NOT FOUND!
CODE: <ul class="nav navbar-nav">
LINE: 105
----------------------------------------------------------------
MOD: OpenCart How - Facebook Share Improvement
FILE: catalog/view/theme/Ultrashop/template/product/product.tpl
CODE: <?php echo $header; ?>
NOT FOUND!
FILE: catalog/view/theme/default/template/product/product.tpl
CODE: <?php echo $header; ?>
LINE: 0
----------------------------------------------------------------
2015-03-05 16:51:36 - MOD: Modification Default
FILE: system/engine/action.php
REGEX: ~(require|include)(_once)?\(([^)]+)~
LINE: 58
FILE: system/engine/loader.php
REGEX: ~(require|include)(_once)?\(([^)]+)~
LINE: 20
LINE: 37
LINE: 54
LINE: 65
FILE: system/library/config.php
REGEX: ~(require|include)(_once)?\(([^)]+)~
LINE: 23
FILE: system/library/language.php
REGEX: ~(require|include)(_once)?\(([^)]+)~
LINE: 21
LINE: 27
----------------------------------------------------------------
MOD: admin-categories-category-filter
FILE: admin/view/template/catalog/category_list.tpl
CODE:  <div class="panel-body">
LINE: 30
CODE: <?php echo $footer; ?>
LINE: 158
FILE: admin/language/english/catalog/category.php
CODE: $_['heading_title']          = 'Categories';
LINE: 2
FILE: admin/controller/catalog/category.php
CODE: protected function getList() {
LINE: 130
CODE: $url .= '&page=' . $this->request->get['page'];
LINE: 37
LINE: 83
LINE: 131
LINE: 244
LINE: 344
LINE: 466
CODE: $data['categories'] = array();
LINE: 277
CODE: $data['button_add'] = $this->language->get('button_add');
LINE: 315
CODE: $data['order'] = $order;
LINE: 399
CODE: $category_total = $this->model_catalog_category->getTotalCategories();
LINE: 291
FILE: admin/model/catalog/category.php
CODE: public function getCategories($data = array()) {
LINE: 215
CODE: public function getTotalCategories() {
LINE: 324
CODE: $query = $this->db->query("SELECT COUNT(*) AS total FROM " . DB_PREFIX . "category");
LINE: 327
----------------------------------------------------------------
MOD: Colored Opencart
FILE: catalog/view/theme/Ultrashop/template/common/header.tpl
CODE: <link href="catalog/view/theme/default/stylesheet/stylesheet.css" rel="stylesheet">
NOT FOUND!
FILE: catalog/view/theme/default/template/common/header.tpl
CODE: <link href="catalog/view/theme/default/stylesheet/stylesheet.css" rel="stylesheet">
LINE: 31
FILE: catalog/controller/common/header.php
CODE: $this->load->model('catalog/category');
LINE: 90
----------------------------------------------------------------
MOD: home-btn-on-default-top-menu-kupi-bg-com
CODE: <ul class="nav navbar-nav">
NOT FOUND!
CODE: <ul class="nav navbar-nav">
LINE: 106
----------------------------------------------------------------
MOD: OpenCart How - Facebook Share Improvement
FILE: catalog/view/theme/Ultrashop/template/product/product.tpl
CODE: <?php echo $header; ?>
NOT FOUND!
FILE: catalog/view/theme/default/template/product/product.tpl
CODE: <?php echo $header; ?>
LINE: 0
----------------------------------------------------------------
2015-03-05 16:51:47 - MOD: Modification Default
FILE: system/engine/action.php
REGEX: ~(require|include)(_once)?\(([^)]+)~
LINE: 58
FILE: system/engine/loader.php
REGEX: ~(require|include)(_once)?\(([^)]+)~
LINE: 20
LINE: 37
LINE: 54
LINE: 65
FILE: system/library/config.php
REGEX: ~(require|include)(_once)?\(([^)]+)~
LINE: 23
FILE: system/library/language.php
REGEX: ~(require|include)(_once)?\(([^)]+)~
LINE: 21
LINE: 27
----------------------------------------------------------------
MOD: admin-categories-category-filter
FILE: admin/view/template/catalog/category_list.tpl
CODE:  <div class="panel-body">
LINE: 30
CODE: <?php echo $footer; ?>
LINE: 158
FILE: admin/language/english/catalog/category.php
CODE: $_['heading_title']          = 'Categories';
LINE: 2
FILE: admin/controller/catalog/category.php
CODE: protected function getList() {
LINE: 130
CODE: $url .= '&page=' . $this->request->get['page'];
LINE: 37
LINE: 83
LINE: 131
LINE: 244
LINE: 344
LINE: 466
CODE: $data['categories'] = array();
LINE: 277
CODE: $data['button_add'] = $this->language->get('button_add');
LINE: 315
CODE: $data['order'] = $order;
LINE: 399
CODE: $category_total = $this->model_catalog_category->getTotalCategories();
LINE: 291
FILE: admin/model/catalog/category.php
CODE: public function getCategories($data = array()) {
LINE: 215
CODE: public function getTotalCategories() {
LINE: 324
CODE: $query = $this->db->query("SELECT COUNT(*) AS total FROM " . DB_PREFIX . "category");
LINE: 327
----------------------------------------------------------------
MOD: Colored Opencart
FILE: catalog/view/theme/Ultrashop/template/common/header.tpl
CODE: <link href="catalog/view/theme/default/stylesheet/stylesheet.css" rel="stylesheet">
NOT FOUND!
FILE: catalog/view/theme/default/template/common/header.tpl
CODE: <link href="catalog/view/theme/default/stylesheet/stylesheet.css" rel="stylesheet">
LINE: 31
FILE: catalog/controller/common/header.php
CODE: $this->load->model('catalog/category');
LINE: 90
----------------------------------------------------------------
MOD: home-btn-on-default-top-menu-kupi-bg-com
CODE: <ul class="nav navbar-nav">
NOT FOUND!
CODE: <ul class="nav navbar-nav">
LINE: 106
----------------------------------------------------------------
MOD: OpenCart How - Facebook Share Improvement
FILE: catalog/view/theme/Ultrashop/template/product/product.tpl
CODE: <?php echo $header; ?>
NOT FOUND!
FILE: catalog/view/theme/default/template/product/product.tpl
CODE: <?php echo $header; ?>
LINE: 0
----------------------------------------------------------------
2015-03-05 16:54:35 - MOD: Modification Default
FILE: system/engine/action.php
REGEX: ~(require|include)(_once)?\(([^)]+)~
LINE: 58
FILE: system/engine/loader.php
REGEX: ~(require|include)(_once)?\(([^)]+)~
LINE: 20
LINE: 37
LINE: 54
LINE: 65
FILE: system/library/config.php
REGEX: ~(require|include)(_once)?\(([^)]+)~
LINE: 23
FILE: system/library/language.php
REGEX: ~(require|include)(_once)?\(([^)]+)~
LINE: 21
LINE: 27
----------------------------------------------------------------
MOD: admin-categories-category-filter
FILE: admin/view/template/catalog/category_list.tpl
CODE:  <div class="panel-body">
LINE: 30
CODE: <?php echo $footer; ?>
LINE: 158
FILE: admin/language/english/catalog/category.php
CODE: $_['heading_title']          = 'Categories';
LINE: 2
FILE: admin/controller/catalog/category.php
CODE: protected function getList() {
LINE: 130
CODE: $url .= '&page=' . $this->request->get['page'];
LINE: 37
LINE: 83
LINE: 131
LINE: 244
LINE: 344
LINE: 466
CODE: $data['categories'] = array();
LINE: 277
CODE: $data['button_add'] = $this->language->get('button_add');
LINE: 315
CODE: $data['order'] = $order;
LINE: 399
CODE: $category_total = $this->model_catalog_category->getTotalCategories();
LINE: 291
FILE: admin/model/catalog/category.php
CODE: public function getCategories($data = array()) {
LINE: 215
CODE: public function getTotalCategories() {
LINE: 324
CODE: $query = $this->db->query("SELECT COUNT(*) AS total FROM " . DB_PREFIX . "category");
LINE: 327
----------------------------------------------------------------
MOD: Colored Opencart
FILE: catalog/view/theme/Ultrashop/template/common/header.tpl
CODE: <link href="catalog/view/theme/default/stylesheet/stylesheet.css" rel="stylesheet">
NOT FOUND!
FILE: catalog/view/theme/default/template/common/header.tpl
CODE: <link href="catalog/view/theme/default/stylesheet/stylesheet.css" rel="stylesheet">
LINE: 30
FILE: catalog/controller/common/header.php
CODE: $this->load->model('catalog/category');
LINE: 90
----------------------------------------------------------------
MOD: home-btn-on-default-top-menu-kupi-bg-com
CODE: <ul class="nav navbar-nav">
NOT FOUND!
CODE: <ul class="nav navbar-nav">
LINE: 105
----------------------------------------------------------------
MOD: OpenCart How - Facebook Share Improvement
FILE: catalog/view/theme/Ultrashop/template/product/product.tpl
CODE: <?php echo $header; ?>
NOT FOUND!
FILE: catalog/view/theme/default/template/product/product.tpl
CODE: <?php echo $header; ?>
LINE: 0
----------------------------------------------------------------
